[debug] [2025-10-07T06:32:40.464Z] ----------------------------------------------------------------------
[debug] [2025-10-07T06:32:40.468Z] Command:       C:\Program Files\nodejs\node.exe C:\Users\dria8\AppData\Roaming\npm\node_modules\firebase-tools\lib\bin\firebase.js emulators:start --only functions --project careconn-79a46
[debug] [2025-10-07T06:32:40.468Z] CLI Version:   14.18.0
[debug] [2025-10-07T06:32:40.468Z] Platform:      win32
[debug] [2025-10-07T06:32:40.468Z] Node Version:  v20.19.0
[debug] [2025-10-07T06:32:40.468Z] Time:          Tue Oct 07 2025 14:32:40 GMT+0800 (China Standard Time)
[debug] [2025-10-07T06:32:40.468Z] ----------------------------------------------------------------------
[debug] 
[error] !!  functions: Failed to start Functions emulator: codebase source must be specified. Must specify either 'source' or 'remoteSource' in a functions config. {"metadata":{"emulator":{"name":"functions"},"message":"Failed to start Functions emulator: codebase source must be specified. Must specify either 'source' or 'remoteSource' in a functions config."}}
[debug] [2025-10-07T06:32:40.523Z] > command requires scopes: ["email","openid","https://www.googleapis.com/auth/cloudplatformprojects.readonly","https://www.googleapis.com/auth/firebase","https://www.googleapis.com/auth/cloud-platform"]
[debug] [2025-10-07T06:32:40.524Z] > authorizing via signed-in user (mrgdelarosa1@tip.edu.ph)
[warn] !  Could not find config (firebase.json) so using defaults. 
[info] i  emulators: Starting emulators: functions {"metadata":{"emulator":{"name":"hub"},"message":"Starting emulators: functions"}}
[debug] [2025-10-07T06:32:40.534Z] [logging] Logging Emulator only supports listening on one address (127.0.0.1). Not listening on ::1
[debug] [2025-10-07T06:32:40.534Z] assigned listening specs for emulators {"user":{"hub":[{"address":"127.0.0.1","family":"IPv4","port":4400},{"address":"::1","family":"IPv6","port":4400}],"ui":[{"address":"127.0.0.1","family":"IPv4","port":4000},{"address":"::1","family":"IPv6","port":4000}],"logging":[{"address":"127.0.0.1","family":"IPv4","port":4500}]},"metadata":{"message":"assigned listening specs for emulators"}}
[debug] [2025-10-07T06:32:40.539Z] Emulator locator file path: C:\Users\dria8\AppData\Local\Temp\hub-careconn-79a46.json
[warn] !  emulators: It seems that you are running multiple instances of the emulator suite for project careconn-79a46. This may result in unexpected behavior. 
[debug] [2025-10-07T06:32:40.540Z] [hub] writing locator at C:\Users\dria8\AppData\Local\Temp\hub-careconn-79a46.json
[error] !!  functions: Failed to start Functions emulator: codebase source must be specified. Must specify either 'source' or 'remoteSource' in a functions config. {"metadata":{"emulator":{"name":"functions"},"message":"Failed to start Functions emulator: codebase source must be specified. Must specify either 'source' or 'remoteSource' in a functions config."}}
[debug] [2025-10-07T06:32:40.582Z] Could not find VSCode notification endpoint: FetchError: request to http://localhost:40001/vscode/notify failed, reason: . If you are not running the Firebase Data Connect VSCode extension, this is expected and not an issue.
[info] 
┌─────────────────────────────────────────────────────────────┐
│ ✔  All emulators ready! It is now safe to connect your app. │
│ i  View Emulator UI at http://127.0.0.1:4000/               │
└─────────────────────────────────────────────────────────────┘

┌───────────┬──────────────────────────────────┬─────────────────────┐
│ Emulator  │ Host:Port                        │ View in Emulator UI │
├───────────┼──────────────────────────────────┼─────────────────────┤
│ Functions │ Failed to initialize (see above) │                     │
└───────────┴──────────────────────────────────┴─────────────────────┘
  Emulator Hub host: 127.0.0.1 port: 4400
  Other reserved ports: 4500

Issues? Report them at https://github.com/firebase/firebase-tools/issues and attach the *-debug.log files.
 
[debug] [2025-10-07T06:39:59.310Z] ----------------------------------------------------------------------
[debug] [2025-10-07T06:39:59.313Z] Command:       C:\Program Files\nodejs\node.exe C:\Users\dria8\AppData\Roaming\npm\node_modules\firebase-tools\lib\bin\firebase.js --debug emulators:start --config c:\Users\dria8\careconnect (5)\backend\firebase.json --only firestore --project careconn-79a46
[debug] [2025-10-07T06:39:59.313Z] CLI Version:   14.18.0
[debug] [2025-10-07T06:39:59.314Z] Platform:      win32
[debug] [2025-10-07T06:39:59.314Z] Node Version:  v20.19.0
[debug] [2025-10-07T06:39:59.314Z] Time:          Tue Oct 07 2025 14:39:59 GMT+0800 (China Standard Time)
[debug] [2025-10-07T06:39:59.314Z] ----------------------------------------------------------------------
[debug] 
[debug] [2025-10-07T06:39:59.634Z] > command requires scopes: ["email","openid","https://www.googleapis.com/auth/cloudplatformprojects.readonly","https://www.googleapis.com/auth/firebase","https://www.googleapis.com/auth/cloud-platform"]
[debug] [2025-10-07T06:39:59.635Z] > authorizing via signed-in user (mrgdelarosa1@tip.edu.ph)
[debug] [2025-10-07T06:39:59.855Z] java version "22.0.1" 2024-04-16
Java(TM) SE Runtime Environment (build 22.0.1+8-16)

[debug] [2025-10-07T06:39:59.856Z] Java HotSpot(TM) 64-Bit Server VM (build 22.0.1+8-16, mixed mode, sharing)

[debug] [2025-10-07T06:39:59.881Z] Parsed Java major version: 22
[info] i  emulators: Starting emulators: firestore {"metadata":{"emulator":{"name":"hub"},"message":"Starting emulators: firestore"}}
[debug] [2025-10-07T06:39:59.893Z] assigned listening specs for emulators {"user":{"logging":[{"address":"127.0.0.1","family":"IPv4","port":4519}],"firestore":[{"address":"127.0.0.1","family":"IPv4","port":8089}],"firestore.websocket":[{"address":"127.0.0.1","family":"IPv4","port":9150}],"hub":[{"address":"127.0.0.1","family":"IPv4","port":4409},{"address":"::1","family":"IPv6","port":4409}],"ui":[{"address":"127.0.0.1","family":"IPv4","port":4009},{"address":"::1","family":"IPv6","port":4009}]},"metadata":{"message":"assigned listening specs for emulators"}}
[debug] [2025-10-07T06:39:59.899Z] Emulator locator file path: C:\Users\dria8\AppData\Local\Temp\hub-careconn-79a46.json
[warn] !  emulators: It seems that you are running multiple instances of the emulator suite for project careconn-79a46. This may result in unexpected behavior. 
[debug] [2025-10-07T06:39:59.901Z] [hub] writing locator at C:\Users\dria8\AppData\Local\Temp\hub-careconn-79a46.json
[debug] [2025-10-07T06:39:59.917Z] Ignoring unsupported arg: auto_download {"metadata":{"emulator":{"name":"firestore"},"message":"Ignoring unsupported arg: auto_download"}}
[debug] [2025-10-07T06:39:59.918Z] Ignoring unsupported arg: single_project_mode_error {"metadata":{"emulator":{"name":"firestore"},"message":"Ignoring unsupported arg: single_project_mode_error"}}
[debug] [2025-10-07T06:39:59.919Z] Starting Firestore Emulator with command {"binary":"java","args":["-Dgoogle.cloud_firestore.debug_log_level=FINE","-Duser.language=en","-jar","C:\\Users\\dria8\\.cache\\firebase\\emulators\\cloud-firestore-emulator-v1.19.8.jar","--host","127.0.0.1","--port",8089,"--websocket_port",9150,"--project_id","careconn-79a46","--rules","c:\\Users\\dria8\\careconnect (5)\\backend\\firestore.rules","--single_project_mode",true],"optionalArgs":["port","webchannel_port","host","rules","websocket_port","functions_emulator","seed_from_export","project_id","single_project_mode"],"joinArgs":false,"shell":false,"port":8089} {"metadata":{"emulator":{"name":"firestore"},"message":"Starting Firestore Emulator with command {\"binary\":\"java\",\"args\":[\"-Dgoogle.cloud_firestore.debug_log_level=FINE\",\"-Duser.language=en\",\"-jar\",\"C:\\\\Users\\\\dria8\\\\.cache\\\\firebase\\\\emulators\\\\cloud-firestore-emulator-v1.19.8.jar\",\"--host\",\"127.0.0.1\",\"--port\",8089,\"--websocket_port\",9150,\"--project_id\",\"careconn-79a46\",\"--rules\",\"c:\\\\Users\\\\dria8\\\\careconnect (5)\\\\backend\\\\firestore.rules\",\"--single_project_mode\",true],\"optionalArgs\":[\"port\",\"webchannel_port\",\"host\",\"rules\",\"websocket_port\",\"functions_emulator\",\"seed_from_export\",\"project_id\",\"single_project_mode\"],\"joinArgs\":false,\"shell\":false,\"port\":8089}"}}
[info] i  firestore: Firestore Emulator logging to firestore-debug.log {"metadata":{"emulator":{"name":"firestore"},"message":"Firestore Emulator logging to \u001b[1mfirestore-debug.log\u001b[22m"}}
[info] +  firestore: Firestore Emulator UI websocket is running on 9150. {"metadata":{"emulator":{"name":"firestore"},"message":"Firestore Emulator UI websocket is running on 9150."}}
[debug] [2025-10-07T06:40:03.287Z] Could not find VSCode notification endpoint: FetchError: request to http://localhost:40001/vscode/notify failed, reason: . If you are not running the Firebase Data Connect VSCode extension, this is expected and not an issue.
[info] 
┌─────────────────────────────────────────────────────────────┐
│ ✔  All emulators ready! It is now safe to connect your app. │
│ i  View Emulator UI at http://127.0.0.1:4009/               │
└─────────────────────────────────────────────────────────────┘

┌───────────┬────────────────┬─────────────────────────────────┐
│ Emulator  │ Host:Port      │ View in Emulator UI             │
├───────────┼────────────────┼─────────────────────────────────┤
│ Firestore │ 127.0.0.1:8089 │ http://127.0.0.1:4009/firestore │
└───────────┴────────────────┴─────────────────────────────────┘
  Emulator Hub host: 127.0.0.1 port: 4409
  Other reserved ports: 4519, 9150

Issues? Report them at https://github.com/firebase/firebase-tools/issues and attach the *-debug.log files.
 
[debug] [2025-10-07T06:40:16.566Z] ----------------------------------------------------------------------
[debug] [2025-10-07T06:40:16.570Z] Command:       C:\Program Files\nodejs\node.exe C:\Users\dria8\AppData\Roaming\npm\node_modules\firebase-tools\lib\bin\firebase.js --debug emulators:start --config c:\Users\dria8\careconnect (5)\backend\firebase.json --only functions --project careconn-79a46
[debug] [2025-10-07T06:40:16.570Z] CLI Version:   14.18.0
[debug] [2025-10-07T06:40:16.570Z] Platform:      win32
[debug] [2025-10-07T06:40:16.570Z] Node Version:  v20.19.0
[debug] [2025-10-07T06:40:16.570Z] Time:          Tue Oct 07 2025 14:40:16 GMT+0800 (China Standard Time)
[debug] [2025-10-07T06:40:16.570Z] ----------------------------------------------------------------------
[debug] 
[debug] [2025-10-07T06:40:16.856Z] > command requires scopes: ["email","openid","https://www.googleapis.com/auth/cloudplatformprojects.readonly","https://www.googleapis.com/auth/firebase","https://www.googleapis.com/auth/cloud-platform"]
[debug] [2025-10-07T06:40:16.858Z] > authorizing via signed-in user (mrgdelarosa1@tip.edu.ph)
[info] i  emulators: Starting emulators: functions {"metadata":{"emulator":{"name":"hub"},"message":"Starting emulators: functions"}}
[warn] !  logging: Port 4519 is not open on 127.0.0.1, could not start Logging Emulator. {"metadata":{"emulator":{"name":"logging"},"message":"Port 4519 is not open on 127.0.0.1, could not start Logging Emulator."}}
[warn] !  logging: To select a different host/port, specify that host/port in a firebase.json config file:
      {
        // ...
        "emulators": {
          "logging": {
            "host": "HOST",
            "port": "PORT"
          }
        }
      } {"metadata":{"emulator":{"name":"logging"},"message":"To select a different host/port, specify that host/port in a firebase.json config file:\n      {\n        // ...\n        \"emulators\": {\n          \"logging\": {\n            \"host\": \"\u001b[33mHOST\u001b[39m\",\n            \"port\": \"\u001b[33mPORT\u001b[39m\"\n          }\n        }\n      }"}}
[warn] !  hub: Port 4409 is not open on localhost (127.0.0.1,::1), could not start emulator hub. {"metadata":{"emulator":{"name":"hub"},"message":"Port 4409 is not open on localhost (127.0.0.1,::1), could not start emulator hub."}}
[warn] !  hub: To select a different host/port, specify that host/port in a firebase.json config file:
      {
        // ...
        "emulators": {
          "hub": {
            "host": "HOST",
            "port": "PORT"
          }
        }
      } {"metadata":{"emulator":{"name":"hub"},"message":"To select a different host/port, specify that host/port in a firebase.json config file:\n      {\n        // ...\n        \"emulators\": {\n          \"hub\": {\n            \"host\": \"\u001b[33mHOST\u001b[39m\",\n            \"port\": \"\u001b[33mPORT\u001b[39m\"\n          }\n        }\n      }"}}
[warn] !  ui: Port 4009 is not open on localhost (127.0.0.1,::1), could not start Emulator UI. {"metadata":{"emulator":{"name":"ui"},"message":"Port 4009 is not open on localhost (127.0.0.1,::1), could not start Emulator UI."}}
[warn] !  ui: To select a different host/port, specify that host/port in a firebase.json config file:
      {
        // ...
        "emulators": {
          "ui": {
            "host": "HOST",
            "port": "PORT"
          }
        }
      } {"metadata":{"emulator":{"name":"ui"},"message":"To select a different host/port, specify that host/port in a firebase.json config file:\n      {\n        // ...\n        \"emulators\": {\n          \"ui\": {\n            \"host\": \"\u001b[33mHOST\u001b[39m\",\n            \"port\": \"\u001b[33mPORT\u001b[39m\"\n          }\n        }\n      }"}}
[debug] [2025-10-07T06:40:16.882Z] Could not find VSCode notification endpoint: FetchError: request to http://localhost:40001/vscode/notify failed, reason: . If you are not running the Firebase Data Connect VSCode extension, this is expected and not an issue.
[info] i  emulators: Shutting down emulators. {"metadata":{"emulator":{"name":"hub"},"message":"Shutting down emulators."}}
[debug] [2025-10-07T06:40:16.893Z] Could not find VSCode notification endpoint: FetchError: request to http://localhost:40001/vscode/notify failed, reason: . If you are not running the Firebase Data Connect VSCode extension, this is expected and not an issue.
[error] 
[error] Error: Could not start Logging Emulator, port taken.
